<?xml version="1.0" encoding="UTF-8"?>
<!-- Generated by org.testng.reporters.JUnitReportReporter -->
<testsuite hostname="DESKTOP-N6F431C" failures="0" tests="1" name="com.test.LoginTest" time="12.979" errors="0" timestamp="2022-06-28T21:29:39 PKT" skipped="0">
  <testcase classname="com.test.LoginTest" name="loginTest" time="12.979"/>
  <system-out/>
</testsuite> <!-- com.test.LoginTest -->
